Determining if the pthread_create exist failed with the following output:
Change Dir: /home/maxime/Programmes/C/Chat/Server/cmake-build-debug/CMakeFiles/CMakeTmp

Run Build Command:"/usr/bin/make" "cmTC_381d7/fast"
/usr/bin/make -f CMakeFiles/cmTC_381d7.dir/build.make CMakeFiles/cmTC_381d7.dir/build
make[1] : on entre dans le répertoire « /home/maxime/Programmes/C/Chat/Server/cmake-build-debug/CMakeFiles/CMakeTmp »
Building C object CMakeFiles/cmTC_381d7.dir/CheckSymbolExists.c.o
/usr/bin/cc   -std=gnu11 -o CMakeFiles/cmTC_381d7.dir/CheckSymbolExists.c.o   -c /home/maxime/Programmes/C/Chat/Server/cmake-build-debug/CMakeFiles/CMakeTmp/CheckSymbolExists.c
Linking C executable cmTC_381d7
/home/maxime/Logiciels/clion-2017.2.3/bin/cmake/bin/cmake -E cmake_link_script CMakeFiles/cmTC_381d7.dir/link.txt --verbose=1
/usr/bin/cc      CMakeFiles/cmTC_381d7.dir/CheckSymbolExists.c.o  -o cmTC_381d7 
CMakeFiles/cmTC_381d7.dir/CheckSymbolExists.c.o : Dans la fonction « main » :
CheckSymbolExists.c:(.text+0x1b) : référence indéfinie vers « pthread_create »
collect2: error: ld returned 1 exit status
CMakeFiles/cmTC_381d7.dir/build.make:97 : la recette pour la cible « cmTC_381d7 » a échouée
make[1]: *** [cmTC_381d7] Erreur 1
make[1] : on quitte le répertoire « /home/maxime/Programmes/C/Chat/Server/cmake-build-debug/CMakeFiles/CMakeTmp »
Makefile:126 : la recette pour la cible « cmTC_381d7/fast » a échouée
make: *** [cmTC_381d7/fast] Erreur 2

File /home/maxime/Programmes/C/Chat/Server/cmake-build-debug/CMakeFiles/CMakeTmp/CheckSymbolExists.c:
/* */
#include <pthread.h>

int main(int argc, char** argv)
{
  (void)argv;
#ifndef pthread_create
  return ((int*)(&pthread_create))[argc];
#else
  (void)argc;
  return 0;
#endif
}

Determining if the function pthread_create exists in the pthreads failed with the following output:
Change Dir: /home/maxime/Programmes/C/Chat/Server/cmake-build-debug/CMakeFiles/CMakeTmp

Run Build Command:"/usr/bin/make" "cmTC_e448a/fast"
/usr/bin/make -f CMakeFiles/cmTC_e448a.dir/build.make CMakeFiles/cmTC_e448a.dir/build
make[1] : on entre dans le répertoire « /home/maxime/Programmes/C/Chat/Server/cmake-build-debug/CMakeFiles/CMakeTmp »
Building C object CMakeFiles/cmTC_e448a.dir/CheckFunctionExists.c.o
/usr/bin/cc   -DCHECK_FUNCTION_EXISTS=pthread_create   -std=gnu11 -o CMakeFiles/cmTC_e448a.dir/CheckFunctionExists.c.o   -c /home/maxime/Logiciels/clion-2017.2.3/bin/cmake/share/cmake-3.8/Modules/CheckFunctionExists.c
Linking C executable cmTC_e448a
/home/maxime/Logiciels/clion-2017.2.3/bin/cmake/bin/cmake -E cmake_link_script CMakeFiles/cmTC_e448a.dir/link.txt --verbose=1
/usr/bin/cc  -DCHECK_FUNCTION_EXISTS=pthread_create    CMakeFiles/cmTC_e448a.dir/CheckFunctionExists.c.o  -o cmTC_e448a -lpthreads 
/usr/bin/ld : ne peut trouver -lpthreads
collect2: error: ld returned 1 exit status
CMakeFiles/cmTC_e448a.dir/build.make:97 : la recette pour la cible « cmTC_e448a » a échouée
make[1]: *** [cmTC_e448a] Erreur 1
make[1] : on quitte le répertoire « /home/maxime/Programmes/C/Chat/Server/cmake-build-debug/CMakeFiles/CMakeTmp »
Makefile:126 : la recette pour la cible « cmTC_e448a/fast » a échouée
make: *** [cmTC_e448a/fast] Erreur 2


